SF:lib\main.dart
DA:9,0
DA:10,0
DA:13,4
DA:14,1
DA:16,1
DA:19,1
DA:20,1
DA:22,1
DA:29,2
DA:31,1
DA:33,1
DA:34,2
DA:35,1
DA:37,1
DA:38,1
LF:15
LH:13
end_of_record
SF:lib\screens\favorites.dart
DA:7,1
DA:11,1
DA:13,1
DA:14,1
DA:17,1
DA:18,2
DA:19,2
DA:21,1
DA:22,3
DA:29,2
DA:33,1
DA:35,1
DA:37,1
DA:38,1
DA:39,4
DA:41,6
DA:42,1
DA:43,3
DA:44,1
DA:45,3
DA:46,2
LF:21
LH:21
end_of_record
SF:lib\screens\home.dart
DA:9,1
DA:13,1
DA:15,1
DA:16,1
DA:18,1
DA:19,1
DA:20,1
DA:21,2
DA:27,1
DA:31,2
DA:37,2
DA:41,1
DA:43,1
DA:44,1
DA:46,1
DA:47,1
DA:48,4
DA:50,1
DA:51,2
DA:52,3
DA:54,1
DA:55,3
DA:56,1
DA:57,3
DA:58,2
DA:59,0
DA:61,3
DA:62,4
DA:66,3
LF:29
LH:28
end_of_record
SF:lib\models\favorites.dart
DA:5,2
DA:7,1
DA:8,2
DA:9,1
DA:12,1
DA:13,2
DA:14,1
LF:7
LH:7
end_of_record
